         w __deregister_frame_info
         w __register_frame_info
         w userAppExit
         w userAppInit
00000000 00000802 B __ctru_dev_utf16_buf
00000000 A __sync_synchronize
00000000 b _TLS_MODULE_BASE_
00000000 a shift
00000000 a shift
00000804 00000401 B __ctru_dev_path_buf
00100000 A __start__
00100000 T _start
00100008 T __service_ptr
0010000c T __apt_appid
00100010 T __heap_size
00100014 T __linear_heap_size
00100018 T __system_arglist
0010001c T __system_runflags
00100020 t startup
00100058 t ClearMem
0010006c t ClrLoop
00100094 T _init
001000ac t .udivsi3_skip_div0_test
001000ac T __aeabi_uidiv
001000ac 000001ec T __udivsi3
00100298 00000020 T __aeabi_uidivmod
001002b8 T __aeabi_idiv
001002b8 00000220 T __divsi3
001002c0 t .divsi3_skip_div0_test
001004d8 00000020 T __aeabi_idivmod
001004f8 00000004 W __aeabi_idiv0
001004f8 00000004 W __aeabi_ldiv0
001004fc T __aeabi_drsub
00100504 000002b0 T __aeabi_dsub
00100504 000002b0 T __subdf3
00100508 000002ac T __adddf3
00100508 000002ac T __aeabi_dadd
001007b4 00000024 T __aeabi_ui2d
001007b4 00000024 T __floatunsidf
001007d8 00000028 T __aeabi_i2d
001007d8 00000028 T __floatsidf
00100800 00000048 T __aeabi_f2d
00100800 00000048 T __extendsfdf2
00100848 00000074 T __aeabi_ul2d
00100848 00000074 T __floatundidf
0010085c 00000060 T __aeabi_l2d
0010085c 00000060 T __floatdidf
001008bc 0000019c T __aeabi_frsub
001008c4 00000194 T __aeabi_fsub
001008c4 00000194 T __subsf3
001008c8 00000190 T __addsf3
001008c8 00000190 T __aeabi_fadd
00100a58 00000028 T __aeabi_ui2f
00100a58 00000028 T __floatunsisf
00100a60 00000020 T __aeabi_i2f
00100a60 00000020 T __floatsisf
00100a80 0000008c T __aeabi_ul2f
00100a80 0000008c T __floatundisf
00100a90 0000007c T __aeabi_l2f
00100a90 0000007c T __floatdisf
00100b0c T __aeabi_ldivmod
00100be0 T __aeabi_uldivmod
00100c28 00000390 T strcmp
00100fb0 t __do_global_dtors_aux
00101000 t frame_dummy
0010102c 00000038 T Audio::init()
00101064 00000108 T Audio::playWAV(char const*)
0010116c 00000010 T Audio::shutdown()
0010117c 000000c0 T Engine::run()
0010123c 0000003c T Engine::shutdown()
00101278 000000d0 T Engine::crash(char const*)
00101348 00000084 T Engine::init()
001013d0 00000178 T main
00101548 00000020 T Player::init(Renderer&)
00101568 0000014c T Player::update(float)
001016b4 00000044 T Player::render(Renderer&)
001016f8 0000001c T Renderer::init()
00101714 00000104 T Renderer::loadSprite(char const*)
00101818 0000002c T Renderer::setSpritePos(int, float, float)
00101844 000000a0 T Renderer::setSpriteFrame(int, int)
001018e4 00000040 T Renderer::beginFrame()
00101924 00000040 T Renderer::drawSprites()
00101964 00000008 T Renderer::endFrame()
0010196c 00000008 T Renderer::shutdown()
00101974 00000044 t C2Di_FrameEndHook
001019b8 00000368 T C2D_Init
00101d20 0000004c T C2D_Fini
00101d6c 000000bc T C2D_Prepare
00101e28 00000048 T C2D_Flush
00101e70 000000fc T C2D_SceneSize
00101f6c 00000060 T C2D_CreateScreenTarget
00101fcc 00000060 T C2D_TargetClear
0010202c 0000014c T C2Di_CalcQuad
00102178 00000054 T C2Di_AppendQuad
001021cc 00000738 T C2Di_Update
00102904 000002e8 T C2D_DrawImage
00102bec 00000068 T C2D_SpriteSheetLoadFromHandle
00102c54 00000048 T C2D_SpriteSheetLoad
00102c9c 00000028 T C2D_SpriteSheetFree
00102cc4 00000028 T C2D_SpriteSheetGetImage
00102cec 00000028 T AttrInfo_Init
00102d14 00000094 T AttrInfo_AddLoader
00102da8 00000054 T C3D_SetAttrInfo
00102dfc 00000080 T C3Di_AttrInfoBind
00102e7c 00000004 W C3Di_LightEnvUpdate
00102e80 00000004 W C3Di_LightEnvDirty
00102e84 000000b4 t C3Di_AptEventHook
00102f38 00000004 W C3Di_GasUpdate
00102f3c 000001d0 T C3D_Init
0010310c 00000098 T C3D_SetViewport
001031a4 000004e8 T C3Di_UpdateContext
0010368c 000000e0 T C3Di_SplitFrame
0010376c 00000044 T C3D_Fini
001037b0 00000194 T C3D_BindProgram
00103944 00000024 T BufInfo_Init
00103968 00000080 T BufInfo_Add
001039e8 0000003c T C3D_SetBufInfo
00103a24 00000048 T C3Di_BufInfoBind
00103a6c 0000021c T C3D_DrawElements
00103c88 00000040 T C3D_DepthMap
00103cc8 0000001c T C3D_CullFace
00103ce4 00000040 T C3D_StencilTest
00103d24 00000024 T C3D_StencilOp
00103d48 0000001c T C3D_BlendingColor
00103d64 00000024 T C3D_EarlyDepthTest
00103d88 0000002c T C3D_DepthTest
00103db4 0000002c T C3D_AlphaTest
00103de0 00000050 T C3D_AlphaBlend
00103e30 00000030 T C3D_FragOpMode
00103e60 00000044 T C3D_FragOpShadow
00103ea4 000001ac T C3Di_EffectBind
00104050 0000001c T C3D_CalcColorBufSize
0010406c 0000001c T C3D_CalcDepthBufSize
00104088 00000044 T C3D_SetFrameBuf
001040cc 0000016c T C3Di_FrameBufBind
00104238 000000c8 T C3D_FrameBufClear
00104300 00000044 T C3D_FrameBufTransfer
00104344 000000a8 T C3D_ImmSendAttrib
001043ec 00000070 T C3D_ProcTexInit
0010445c 00000054 T C3D_ProcTexBind
001044b0 0000005c T C3D_ProcTexLutBind
0010450c 000000a4 T ProcTexLut_FromArray
001045b0 00000178 T C3Di_ProcTexUpdate
00104728 00000068 T C3Di_ProcTexDirty
00104790 0000004c t onVBlank0
001047dc 0000004c t onVBlank1
00104828 00000080 t C3Di_RenderTargetDestroy
001048a8 000000f4 t onQueueFinish
0010499c 00000038 T C3Di_RenderQueueEnableVBlank
001049d4 00000030 T C3Di_RenderQueueDisableVBlank
00104a04 00000060 T C3Di_RenderQueueInit
00104a64 000000b4 T C3Di_RenderQueueExit
00104b18 00000034 T C3Di_RenderQueueWaitDone
00104b4c 000000e8 T C3D_FrameBegin
00104c34 00000048 T C3D_FrameDrawOn
00104c7c 00000058 T C3D_FrameSplit
00104cd4 000001d0 T C3D_FrameEnd
00104ea4 0000001c T C3D_FrameEndHook
00104ec0 00000170 T C3D_RenderTargetCreate
00105030 000000a8 T C3D_RenderTargetSetOutput
001050d8 000000fc T C3D_SyncTextureCopy
001051d4 000003d8 t Tex3DSi_ImportCommon
001055ac 00000038 T Tex3DS_TextureImportStdio
001055e4 0000001c T Tex3DS_GetSubTexture
00105600 00000004 T Tex3DS_TextureFree
00105604 00000034 T C3D_GetTexEnv
00105638 00000024 T C3Di_TexEnvBind
0010565c 00000290 T C3D_TexInitWithParams
001058ec 000000c8 T C3D_TexLoadImage
001059b4 00000044 T C3D_TexBind
001059f8 00000074 T C3D_TexDelete
00105a6c 0000014c T C3Di_SetTex
00105bb8 00000290 T C3D_UpdateUniforms
00105e48 000000c0 T C3Di_DirtyUniforms
00105f08 000000d8 T C3Di_LoadShaderUniforms
00105fe0 00000028 T C3Di_ClearShaderUniforms
00106008 000000cc T Mtx_Ortho
001060d4 000000cc T Mtx_OrthoTilt
001061a0 00000024 t addrMapNodeComparator(rbtree_node const*, rbtree_node const*)
001061c4 00000004 t addrMapNodeDestructor(rbtree_node*)
001061c8 0000012c T linearMemAlign
001062f4 00000008 T linearAlloc
001062fc 0000005c T linearFree
00106358 00000088 T MemPool::CoalesceRight(MemBlock*)
001063e0 00000178 T MemPool::Allocate(MemChunk&, unsigned long, int)
00106558 00000118 T MemPool::Deallocate(MemChunk const&)
00106670 00000030 T MemPool::GetFreeSpace()
001066a0 00000024 t addrMapNodeComparator(rbtree_node const*, rbtree_node const*)
001066c4 00000004 t addrMapNodeDestructor(rbtree_node*)
001066c8 00000248 T vramMemAlignAt
00106910 0000000c T vramAlloc
0010691c 0000000c T vramAllocAt
00106928 00000094 T vramFree
001069bc 000001c8 T consoleDrawChar
00106b84 00000170 T consolePrintChar
00106cf4 00000cc8 T con_write
001079bc 000000fc t newRow
00107ab8 00000180 T consoleInit
00107c38 000000cc t gfxPresentFramebuffer
00107d04 0000001c T gfxIsWide
00107d20 000000f8 T gfxSetScreenFormat
00107e18 00000010 T gfxSetDoubleBuffering
00107e28 000000d8 T gfxInit
00107f00 00000010 T gfxInitDefault
00107f10 000000b8 T gfxExit
00107fc8 000000a0 T gfxGetFramebuffer
00108068 00000100 T gfxFlushBuffers
00108168 00000028 T gfxScreenSwapBuffers
00108190 00000050 T gfxSwapBuffers
001081e0 00000050 T gfxSwapBuffersGpu
00108230 00000074 T osConvertVirtToPhys
001082a4 00000054 T osGetTimeRef
001082f8 000000ec T osGetTime
001083e4 00000034 T __ctru_speedup_config
00108418 00000008 t romfs_close
00108420 000000ac t romfs_seek
001084cc 00000024 t romfs_dirreset
001084f0 000000c0 t fill_dir
001085b0 000002ac t romfs_dirnext
0010885c 00000074 t romfs_free
001088d0 000000d0 t searchForFile.constprop.0
001089a0 000000d4 t searchForDir.constprop.0
00108a74 000001c0 t navigateToDir.constprop.0
00108c34 00000114 t romfs_open
00108d48 0000004c t romfs_chdir
00108d94 00000068 t romfs_diropen
00108dfc 00000178 t romfs_stat
00108f74 00000008 t romfs_dirclose
00108f80 0000007c t romfs_fstat
00108ffc 000000d0 t romfs_read
001090cc 00000294 T romfsMountFromFile
00109360 00000098 T romfsMountFromCurrentProcess
001093f8 00000258 T romfsMountSelf
00109650 000000a0 T romfsUnmount
001096f0 0000013c T GPUCMD_Add
0010982c 000000b0 T GPUCMD_Split
001098dc 00000034 T f32tof16
00109910 00000034 T f32tof24
00109944 00000038 T f32tof31
0010997c 00000010 T GX_BindQueue
0010998c 0000007c T GX_ProcessCommandList
00109a08 00000074 T GX_MemoryFill
00109a7c 00000074 T GX_DisplayTransfer
00109af0 00000078 T GX_TextureCopy
00109b68 00000064 t gxCmdQueueDoCommands.part.0
00109bcc 000000e4 T gxCmdQueueInterrupt
00109cb0 00000068 T gxCmdQueueClear
00109d18 00000108 T gxCmdQueueAdd
00109e20 00000080 T gxCmdQueueRun
00109ea0 00000064 T gxCmdQueueStop
00109f04 000000ac T gxCmdQueueWait
00109fb0 000001e0 T shaderInstanceInit
0010a190 00000018 T shaderInstanceGetUniformLocation
0010a1a8 0000001c T shaderProgramInit
0010a1c4 00000074 T shaderProgramFree
0010a238 00000094 T shaderProgramSetVsh
0010a2cc 000008d0 T shaderProgramConfigure
0010ab9c 000001dc t DVLE_GenerateOutmap.part.0
0010ad78 000001ac T DVLB_ParseFile
0010af24 00000050 T DVLB_Free
0010af74 00000074 T DVLE_GetUniformRegister
0010afe8 00000158 t ndspUpdateMaster
0010b140 00000108 t ndspFinalize
0010b248 0000025c t ndspInitialize.part.0
0010b4a4 00000108 t ndspHookCallback
0010b5b0 00000318 t ndspThreadMain
0010b8c8 000003f0 T ndspInit
0010bcb8 000000d8 T ndspExit
0010bd90 00000034 T ndspSetOutputMode
0010bdc4 000000e0 T ndspChnReset
0010bea4 00000018 T ndspChnSetFormat
0010bebc 00000050 T ndspChnSetInterp
0010bf0c 00000060 T ndspChnSetRate
0010bf6c 000000c8 T ndspChnWaveBufAdd
0010c034 00000040 T ndspiInitChn
0010c074 0000002c T ndspiDirtyChn
0010c0a0 0000043c T ndspiUpdateChn
0010c4dc 00000180 T ndspiReadChnState
0010c65c 00000180 t aptConvertScreenForCapture
0010c7dc 00000138 T aptSendCommand
0010c918 00000044 t aptExitProcess
0010c95c 00000394 T aptExit
0010ccf0 000000d8 T aptHandleSleep
0010cdc8 00000034 T aptHook
0010cdfc 00000030 T aptUnhook
0010ce2c 00000084 T APT_SleepIfShellClosed
0010ceb0 00000078 T aptSetSleepAllowed
0010cf28 00000084 T APT_UnlockTransition
0010cfb0 00000470 t aptEventHandler
0010d420 000000bc T APT_ReceiveParameter
0010d4dc 000000b0 t aptReceiveParameter.constprop.0
0010d590 00000294 t aptScreenTransfer
0010d824 000002d0 t aptWaitForWakeUp.isra.0
0010daf4 000000f4 T aptJumpToHomeMenu
0010dbe8 00000058 T aptMainLoop
0010dc40 00000240 T aptInit
0010de80 00000090 T APT_CheckNew3DS
0010df10 000000a8 T cfguInit
0010dfb8 0000003c T cfguExit
0010dff4 0000004c T CFGU_GetConfigInfoBlk2
0010e040 000000a4 t DSP_LoadComponent.part.0
0010e0e4 000000fc T dspInit
0010e1e0 0000008c T dspExit
0010e26c 00000024 T dspHook
0010e290 00000030 T dspUnhook
0010e2c0 000000b4 T aptDspSleep
0010e374 000000b4 T aptDspWakeup
0010e428 00000044 T aptDspCancel
0010e46c 00000050 T DSP_FlushDataCache
0010e4bc 00000034 T DSP_SetSemaphore
0010e4f0 00000034 T DSP_SetSemaphoreMask
0010e524 00000038 T DSP_GetSemaphoreHandle
0010e55c 0000003c T DSP_LoadComponent
0010e598 00000044 T DSP_RegisterInterruptEvents
0010e5dc 00000078 T DSP_ReadPipeIfPossible
0010e654 0000004c T DSP_WriteProcessPipe
0010e6a0 00000044 T DSP_ConvertProcessAddressFromDspDram
0010e6e4 00000044 T DSP_RecvData
0010e728 00000050 T DSP_RecvDataIsReady
0010e778 00000104 T fsInit
0010e87c 0000003c T fsExit
0010e8b8 00000068 T fsExemptFromSession
0010e920 00000050 T fsUnexemptFromSession
0010e970 000000cc T FSUSER_OpenFile
0010ea3c 000000cc T FSUSER_OpenFileDirectly
0010eb08 000000b8 T FSUSER_DeleteFile
0010ebc0 000000f4 T FSUSER_RenameFile
0010ecb4 000000b8 T FSUSER_DeleteDirectory
0010ed6c 000000d0 T FSUSER_CreateFile
0010ee3c 000000c0 T FSUSER_CreateDirectory
0010eefc 000000f4 T FSUSER_RenameDirectory
0010eff0 000000b4 T FSUSER_OpenDirectory
0010f0a4 00000090 T FSUSER_OpenArchive
0010f134 0000008c T FSUSER_CloseArchive
0010f1c0 00000074 T FSUSER_GetSdmcArchiveResource
0010f234 00000064 T FSUSER_IsSdmcWritable
0010f298 00000064 T FSFILE_Read
0010f2fc 0000006c T FSFILE_Write
0010f368 00000044 T FSFILE_GetSize
0010f3ac 00000028 T FSFILE_SetSize
0010f3d4 0000003c T FSFILE_Close
0010f410 00000024 T FSFILE_Flush
0010f434 00000060 T FSDIR_Read
0010f494 0000003c T FSDIR_Close
0010f4d0 00000c70 t gspHardwareInit
00110140 00000288 T gspInit
001103c8 00000104 T gspExit
001104cc 00000010 T gspHasGpuRight
001104dc 000000a4 T gspPresentBuffer
00110580 00000030 T gspSetEventCallback
001105b0 00000050 T gspWaitForEvent
00110600 0000004c T gspWaitForAnyEvent
0011064c 00000154 t gspEventThreadMain
001107a0 0000012c T gspSubmitGxCommand
001108cc 00000050 T GSPGPU_FlushDataCache
0011091c 00000034 T GSPGPU_SetLcdForceBlack
00110950 00000084 T GSPGPU_AcquireRight
001109d4 00000064 T GSPGPU_ReleaseRight
00110a38 0000007c T GSPGPU_ImportDisplayCaptureInfo
00110ab4 0000002c T GSPGPU_SaveVramSysArea
00110ae0 0000002c T GSPGPU_RestoreVramSysArea
00110b0c 00000024 W hidShouldUseIrrst
00110b30 000001cc T hidInit
00110cfc 000000e8 T hidExit
00110de4 000002a0 T hidScanInput
00111084 00000010 T hidKeysHeld
00111094 00000010 T hidKeysDown
001110a4 000001a4 T irrstInit
00111248 000000dc T irrstExit
00111324 000000b4 T irrstScanInput
001113d8 00000024 T irrstKeysHeld
001113fc 00000078 T ptmSysmInit
00111474 0000003c T ptmSysmExit
001114b0 00000034 T PTMSYSM_ConfigureNew3DSCPU
001114e4 000000e0 t buffer_read
001115c4 000000cc t iov_read
00111690 00000164 t iov_memmove
001117f4 000001e0 t decompress_rle
001119d4 00000264 t decompress_lzss
00111c38 00000418 t decompress_lz11
00112050 0000033c t decompress_huff.isra.0
0011238c 00000010 T decompressCallback_Stdio
0011239c 000000e4 T decompressHeader
00112480 0000021c T decompressV
0011269c 00000074 T rbtree_find
00112710 00000010 T rbtree_init
00112720 00000198 t do_insert
001128b8 00000008 T rbtree_insert
001128c0 00000310 T rbtree_remove
00112bd0 00000090 T rbtree_rotate
00112c60 000000e8 T utf16_to_utf8
00112d48 000000c0 T utf8_to_utf16
00112e08 000001e8 W __system_allocateHeaps
00112ff0 00000038 W __libctru_init
00113028 0000016c W __system_initArgv
00113194 00000030 T __syscall_getreent
001131c4 00000064 T __syscall_gettod_r
00113228 00000004 T __syscall_lock_acquire
0011322c 00000004 T __syscall_lock_release
00113230 00000004 T __syscall_lock_acquire_recursive
00113234 00000004 T __syscall_lock_release_recursive
00113238 00000004 T __syscall_exit
0011323c 00000054 T initThreadVars
00113290 00000080 T __system_initSyscalls
00113310 T svcControlMemory
00113330 T svcQueryMemory
00113360 T svcExitProcess
00113368 T svcCreateThread
00113388 T svcExitThread
00113390 T svcSleepThread
00113398 T svcReleaseMutex
001133a0 T svcCreateEvent
001133b4 T svcSignalEvent
001133bc T svcClearEvent
001133c4 T svcMapMemoryBlock
001133cc T svcUnmapMemoryBlock
001133d4 T svcCreateAddressArbiter
001133e8 T svcArbitrateAddressNoTimeout
001133f0 T svcCloseHandle
001133f8 T svcWaitSynchronization
00113400 T svcWaitSynchronizationN
00113428 T svcDuplicateHandle
0011343c T svcGetSystemTick
00113444 T svcConnectToPort
00113458 T svcSendSyncRequest
00113460 T svcGetResourceLimit
00113474 T svcGetResourceLimitLimitValues
0011347c T svcGetResourceLimitCurrentValues
00113484 T svcBreak
0011348c T __aeabi_read_tp
00113498 W initSystem
001134e8 W __ctru_exit
001134fc 0000008c W envGetHandle
00113588 00000050 W envDestroyHandles
001135d8 00000164 T srvInit
0011373c 00000064 T srvExit
001137a0 00000060 T srvEnableNotification
00113800 000000a0 T srvGetServiceHandleDirect
001138a0 00000048 T srvGetServiceHandle
001138e8 00000034 T srvSubscribe
0011391c 00000060 T srvReceiveNotification
0011397c 00000038 T srvPublishToSubscriber
001139b4 0000000c T __sync_init
001139c0 00000018 T __sync_fini
001139d8 00000028 T syncArbitrateAddress
00113a00 0000001c T LightLock_Init
00113a1c 000000ac T LightLock_Lock
00113ac8 00000040 T LightLock_Unlock
00113b08 00000054 T RecursiveLock_Lock
00113b5c 00000054 T RecursiveLock_Unlock
00113bb0 00000044 T LightEvent_Init
00113bf4 000000b8 T LightEvent_Clear
00113cac 000000dc T LightEvent_Signal
00113d88 00000050 T LightEvent_TryWait
00113dd8 000000ac T LightEvent_Wait
00113e84 000001fc T threadCreate
00114080 00000038 T threadFree
001140b8 00000024 T threadJoin
001140dc 00000030 T threadGetCurrent
0011410c 00000040 T threadExit
0011414c 00000020 t _thread_begin
0011416c 00000090 t mappableFindAddressWithin
001141fc 00000028 T mappableInit
00114224 0000007c T mappableAlloc
001142a0 00000004 T mappableFree
001142a4 0000000c T srvPmGetSessionHandle
001142b0 00000060 T rbtree_node_next
00114310 00000054 T decode_utf16
00114364 00000140 T decode_utf8
001144a4 00000054 T encode_utf16
001144f8 000000e0 T encode_utf8
001145d8 00000030 W __appExit
00114608 00000030 W __appInit
00114638 00000090 W __libctru_exit
001146c8 00000024 t error_cmp
001146ec 00000050 t archive_translate_error
0011473c 000000c0 t archive_seek
001147fc 00000078 t _archiveInit.part.0
00114874 00000110 t archiveFindDevice.part.0
00114984 00000298 t archive_utf16path
00114c1c 00000098 t _archiveUnmountDeviceStruct.part.0
00114cb4 00000178 t _archiveMountDevice
00114e2c 000000f8 t archive_diropen
00114f24 000000ac t archive_fstat
00114fd0 00000074 t archive_fsync
00115044 00000074 t archive_close
001150b8 00000078 t archive_dirclose
00115130 000000ec t sdmc_statvfs
0011521c 000000f8 t archive_chdir
00115314 0000008c t archive_ftruncate
001153a0 000000bc t archive_read
0011545c 000000a8 t archive_unlink
00115504 000000c0 t archive_rmdir
001155c4 000000d8 t archive_mkdir
0011569c 000001a0 t archive_stat
0011583c 00000164 t archive_dirnext
001159a0 0000013c t archive_write
00115ae0 00000254 t archive_open
00115d34 00000270 t archive_rename
00115fa4 000001c8 T archiveMountSdmc
0011616c 00000054 T archiveUnmountAll
001161c0 00000264 T sinf
00116424 00000024 t with_errnof
00116448 0000001c T __math_invalidf
00116468 0000025c T cosf
001166c4 00000130 T __udivmoddi4
001167f4 000000e4 T strncat
001168d8 00000034 T ftell
0011690c 00000128 T memcpy
00116a34 0000008c T strlen
00116ac0 00000334 T _fread_r
00116df4 00000038 T fread
00116e2c 00000078 T bsearch
00116ea4 00000134 T _fopen_r
00116fd8 00000028 T fopen
00117000 00000028 T memalign
00117028 00000034 T printf
0011705c 000001ec t _strtoul_l.isra.0
00117248 0000003c T strtoul
00117284 00000140 T strchr
001173c4 000000d8 T memcmp
0011749c 00000028 T calloc
001174c4 0000016c T _memalign_r
00117630 0000000c T __errno
0011763c 00000164 T __smakebuf_r
001177a0 00000090 T __swhatbuf_r
00117830 000000e4 T memset
00117914 000000d8 T _calloc_r
001179ec 0000022c T __sflush_r
00117c18 000000c4 T _fflush_r
00117cdc 000001c4 T _ftello_r
00117ea0 0000082c T _malloc_r
001186cc 00000114 T _malloc_trim_r
001187e0 00000314 T _free_r
00118af4 00000294 T setvbuf
00118d88 0000001c t stdio_exit_handler
00118da4 0000005c t cleanup_stdio
00118e00 00000154 t global_stdio_init.part.0
00118f54 00000138 T __sfp
0011908c 0000005c T __sinit
001190e8 0000000c T __sfp_lock_acquire
001190f4 0000000c T __sfp_lock_release
00119100 00000084 T __libc_init_array
00119184 000000d4 T strncpy
00119258 0000001c T _fseek_r
00119274 00000034 T fseek
001192a8 00000040 T malloc
001192e8 00000020 T free
00119308 00000044 T __sread
0011934c 00000068 T __swrite
001193b4 00000040 T __sseek
001193f4 00000008 T __sclose
001193fc 0000000c T __malloc_lock
00119408 0000000c T __malloc_unlock
00119414 00000588 T _fseeko_r
0011999c 00000148 T _fclose_r
00119ae4 00000020 T fclose
00119b04 00000048 T time
00119b4c 00000004 W __call_exitprocs
00119b50 00000030 T exit
00119b80 000000b8 T __sflags
00119c38 0000003c T __libc_fini_array
00119c74 0000003c T strnlen
00119cb0 000000d8 T strncmp
00119d88 00000038 t lflush
00119dc0 000001a8 T __srefill_r
00119f68 00000070 T _fwalk_sglue
00119fd8 000005e0 t get_arg
0011a5b8 00003554 T _vfprintf_r
0011db0c 000000b4 t __sbprintf
0011dbc0 000000a0 T _wcrtomb_r
0011dc60 00000024 T __locale_mb_cur_max
0011dc84 00000030 T __sprint_r
0011dcb4 000001c0 t quorem
0011de78 00001420 T _dtoa_r
0011f298 000000e8 T memchr
0011f380 00000028 T _wcsrtombs_r
0011f3a8 00000140 T __swsetup_r
0011f4e8 00000024 T _localeconv_r
0011f50c 000000f8 T __utf8_wctomb
0011f604 0000015c T _wcsnrtombs_l
0011f760 00000064 T _wcsnrtombs_r
0011f7c8 00000088 T frexp
0011f850 0000005c T __assert_func
0011f8ac 00000088 T _Balloc
0011f934 0000001c T _Bfree
0011f950 000000f4 T __multadd
0011fa44 00000080 T __hi0bits
0011fac4 000000f0 T __lo0bits
0011fbb4 000000a4 T __i2b
0011fc58 00000230 T __multiply
0011fe88 00000130 T __pow5mult
0011ffb8 00000138 T __lshift
001200f0 00000058 T __mcmp
00120148 00000218 T __mdiff
00120360 00000120 T __d2b
00120480 00000340 T __utf8_mbtowc
001207c0 0000003c T fiprintf
001207fc 000004a4 T __sfvwrite_r
00120ca0 00000014 T abort
00120cb4 000001a8 T memmove
00120e5c 000004f0 T _realloc_r
0012134c 000005e0 t get_arg
0012192c 000022f8 T _vfiprintf_r
00123c24 000000b4 t __sbprintf
00123cd8 0000009c T _raise_r
00123d74 00000020 T raise
00123d94 00000020 T _exit
00123db4 00000140 T chdir
00123ef4 000001c8 T _concatenate_path
001240bc 0000009c T _fstat_r
00124158 00000014 T _getpid_r
0012416c 0000002c T __getreent
00124198 00000030 T _gettimeofday_r
001241c8 000000a0 T __release_handle
00124268 000000b0 T __alloc_handle
00124318 00000058 T __get_handle
00124370 00000110 T _close_r
00124480 00000008 t null_write
00124488 00000018 T setDefaultDevice
001244a0 00000098 T FindDevice
00124538 00000024 T RemoveDevice
0012455c 00000088 T AddDevice
001245e4 00000020 T GetDeviceOpTab
00124604 00000008 T _isatty_r
0012460c 00000014 T _kill_r
00124620 00000094 T _lseek_r
001246b4 000000c0 T _open_r
00124774 00000094 T _read_r
00124808 00000078 W _sbrk_r
00124880 0000001c T __libc_lock_acquire
0012489c 0000001c T __libc_lock_release
001248b8 0000001c T __libc_lock_acquire_recursive
001248d4 0000001c T __libc_lock_release_recursive
001248f0 00000094 T _write_r
00124984 00000048 T strrchr
001249cc T _fini
00125000 00000008 r s_defaultTint.0
001252ec r .LC2
00125430 R render2d_shbin
001255bc 00000004 r depthFmtSizes
001255bc R render2d_shbin_end
001255c0 00000005 r colorFmtSizes
001255c8 00000010 r CSWTCH.11
001255d8 00000038 r CSWTCH.19
00125854 00000080 r dotab_stdout
001258d4 00000018 r grayScale
001258ec 00000006 r colorCube
001258f4 00000030 r colorTable
00125924 00000080 r romFS_devoptab
001259b0 00000011 r dsp_filename.0
001259e0 00000008 r morton_y.2
001259e8 00000008 r morton_x.3
001259f0 00000008 r s_sleepWakeEvents.4
001259f8 0000000c r serviceNameTable.5
00125a28 R default_font_bin
00126228 R default_font_bin_end
00126228 00000030 r error_table
00126258 00000080 r archive_devoptab
001262d8 00000060 R __inv_pio4
00126338 000000e0 R __sincosf_table
00126418 00000101 R _ctype_
00126640 00000010 r zeroes.0
00126650 00000010 r blanks.1
00126660 0000006c R __action_table
001266cc 0000006c R __state_table
00126738 00000100 R __chclass
00126840 0000000c r p05.0
00126850 00000028 R __mprec_bigtens
00126878 000000c8 R __mprec_tens
00126a2c 00000010 r zeroes.0
00126a3c 00000010 r blanks.1
00126a4c 00000080 R dotab_stdnull
00126acc R __tdata_align
00126ad0 r __EH_FRAME_BEGIN__
00126ad0 R __exidx_end
00126ad0 R __exidx_start
00127000 00000008 d framerateCounter
00127008 00000004 d framerate
0012700c 00000001 d firstConsoleInit.0
00127010 00000004 D currentConsole
00127014 00000048 D defaultConsole
0012705c 00000004 d queueLock
00127060 00000004 d aptChainloadDeliverArgSize
00127064 00000004 d kCount
00127068 00000004 d kInterval
0012706c 00000004 d kDelay
00127070 W __stacksize__
00127074 00000004 D _impure_ptr
00127078 00000200 D _impure_data
00127278 00000004 D __malloc_sbrk_base
0012727c 00000004 D __malloc_trim_threshold
00127280 00000408 D __malloc_av_
00127688 0000000c D __sglue
00127694 00000254 D __global_locale
001278e8 00000400 d _current_working_directory
00127ce8 00001000 d handles
00128ce8 0000000c d __stderr_handle
00128cf4 0000000c d __stdout_handle
00128d00 0000000c d __stdin_handle
00128d0c 0000008c D devoptab_list
00128d98 00000004 d defaultDevice
00128da4 d _GLOBAL_OFFSET_TABLE_
00128db0 d __frame_dummy_init_array_entry
00128db0 D __init_array_start
00128db0 B __preinit_array_end
00128db0 B __preinit_array_start
00128db0 D __tdata_lma
00128db0 D __tdata_lma_end
00128db4 d __do_global_dtors_aux_fini_array_entry
00128db4 D __fini_array_start
00128db4 D __init_array_end
00128db8 D __bss_start__
00128db8 000005a8 B __C2Di_Context
00128db8 D __fini_array_end
00129360 00000040 b s_projTop
001293a0 00000040 b s_projBot
001293e0 00000004 b uLoc_mdlvMtx
001293e4 00000004 b uLoc_projMtx
001293e8 b completed.1
001293ec b object.0
00129404 0000000c b hookCookie
00129410 000002d0 B __C3D_Context
001296e0 00000004 b frameEndCbData
001296e4 00000004 b frameEndCb
001296e8 00000008 b frameCounter
001296f0 00000001 b isTopStereo
001296f1 00000001 b needSwapBot
001296f2 00000001 b needSwapTop
001296f3 00000001 b measureGpuTime
001296f4 00000001 b inSafeTransfer
001296f5 00000001 b inFrame
001296f8 00000010 b cpuTime
00129708 00000010 b gpuTime
00129718 0000000c b linkedTarget
00129724 00000004 b lastTarget
00129728 00000004 b firstTarget
0012972c 00000008 b C3Di_IVUnifEverDirty
00129734 000000c0 b C3Di_FVUnifEverDirty
001297f4 00000018 b C3Di_ShaderFVecData
0012980c 00000002 B C3D_BoolUnifsDirty
00129810 00000008 B C3D_IVUnifDirty
00129818 000000c0 B C3D_FVUnifDirty
001298d8 00000004 B C3D_BoolUnifs
001298dc 00000020 B C3D_IVUnif
001298fc 00000c00 B C3D_FVUnif
0012a500 00000008 b sLinearPool
0012a508 0000000c b sAddrMap
0012a518 00000008 b sVramPoolB
0012a520 00000008 b sVramPoolA
0012a528 0000000c b sAddrMap
0012a534 00000064 b escapeSeq
0012a598 00000048 B currentCopy
0012a5e0 00000004 b screenAlloc
0012a5e4 00000004 b screenFree
0012a5e8 00000002 b gfxIsDoubleBuf
0012a5ec 00000002 b gfxCurBuf
0012a5ee 00000001 b gfxIsVram
0012a5ef 00000001 b gfxTopMode
0012a5f0 00000002 b gfxFramebufferFormats
0012a5f4 00000004 b gfxBottomFramebufferMaxSize
0012a5f8 00000004 b gfxTopFramebufferMaxSize
0012a600 00000008 b gfxBottomFramebuffers
0012a608 00000008 b gfxTopFramebuffers
0012a610 00000001 V __ctru_speedup
0012a614 00000004 b romfs_mount_list
0012a618 00000004 V __romfs_path
0012a61c 00000004 B gpuCmdBufOffset
0012a620 00000004 B gpuCmdBufSize
0012a624 00000004 B gpuCmdBuf
0012a628 00000004 b boundQueue
0012a62c 00000001 b shouldStop
0012a62d 00000001 b isRunning
0012a62e 00000001 b isActive
0012a630 00000004 b curQueue
0012a634 00000004 b ndspRefCount
0012a638 00000048 b ndspMaster
0012a680 00000004 b ndspThread
0012a684 00000001 b ndspThreadRun
0012a688 00001080 b dspVar5Backup
0012b708 00000004 b ndspMutex
0012b70c 00000008 b sleepEvent
0012b714 00000004 b dspSem
0012b718 00000004 b irqEvent
0012b71c 00000008 b ndspHookCookie
0012b724 00000001 b componentFree
0012b726 00000002 b componentDataMask
0012b728 00000002 b componentProgMask
0012b72c 00000004 b componentSize
0012b730 00000004 b componentBin
0012b734 00000004 b frameCount
0012b738 00000004 b droppedFrames
0012b73c 00000001 b bCancelReceived
0012b73d 00000001 b bSleeping
0012b73e 00000001 b bEnteringSleep
0012b73f 00000001 b bDspReady
0012b740 00000080 B ndspVars
0012b7c0 00000002 B ndspBufferId
0012b7c2 00000002 B ndspBufferCurId
0012b7c4 00000002 B ndspFrameId
0012b7c8 00000c60 b ndspChn
0012c428 00000001 b flagValue.0
0012c429 00000001 b flagInit.1
0012c42c 00000004 b serviceName.6
0012c430 00000001 b aptChainloadFlags
0012c431 00000001 b aptChainloadMediatype
0012c434 00000020 b aptChainloadHmac
0012c454 00000300 b aptChainloadDeliverArg
0012c758 00000008 b aptChainloadTid
0012c760 00001000 b aptParameters
0012d760 00000004 b aptFlags
0012d764 00000001 b aptHomeButtonState
0012d768 00000004 b aptMessageFuncData
0012d76c 00000004 b aptMessageFunc
0012d770 0000000c b aptFirstHook
0012d77c 00000001 b aptEventHandlerThreadQuit
0012d780 00000004 b aptEventHandlerThread
0012d784 00000008 b aptSleepEvent
0012d78c 00000008 b aptReceiveEvent
0012d794 00000008 b aptEvents
0012d79c 00000004 b aptLockHandle
0012d7a0 00000004 b aptRefCount
0012d7a4 00000004 b cfguRefCount
0012d7a8 00000004 b cfguHandle
0012d7ac 00000002 b dspSavedCompDataMask
0012d7ae 00000002 b dspSavedCompProgMask
0012d7b0 00000004 b dspSavedCompSize
0012d7b4 00000004 b dspSavedCompBin
0012d7b8 00000001 b dspSleeping
0012d7b9 00000001 b dspComponentLoaded
0012d7bc 00000008 b dspFirstHook
0012d7c4 00000004 b dspRefCount
0012d7c8 00000004 b dspHandle
0012d7d0 00000080 b fsExemptArchives
0012d850 00000004 b fsuRefCount
0012d854 00000004 b fsuHandle
0012d858 00000007 b gspEventCbOneShot
0012d860 0000001c b gspEventCbData
0012d87c 0000001c b gspEventCb
0012d898 00000038 b gspEvents
0012d8d0 00000004 b gspLastEvent
0012d8d4 00000001 b gspRunEvents
0012d8d8 00000004 b gspEventThread
0012d8dc 00000004 b gspEvent
0012d8e0 00000001 b gspGpuRight
0012d8e1 00000001 b gspThreadId
0012d8e4 00000004 b gspSharedMem
0012d8e8 00000004 b gspSharedMemHandle
0012d8ec 00000004 b gspRefCount
0012d8f0 00000004 b gspGpuHandle
0012d8f4 00000001 b usingIrrst
0012d8f8 00000004 b hidRefCount
0012d8fc 00000006 b gRate
0012d904 00000006 b aVec
0012d90c 00000004 b cPos
0012d910 00000004 b tPos
0012d914 00000004 b kRepeat
0012d918 00000004 b kUp
0012d91c 00000004 b kDown
0012d920 00000004 b kHeld
0012d924 00000004 b kOld
0012d928 00000004 B hidSharedMem
0012d92c 00000014 B hidEvents
0012d940 00000004 B hidMemHandle
0012d944 00000004 B hidHandle
0012d948 00000004 b irrstRefCount
0012d94c 00000004 b csPos
0012d950 00000004 b kHeld
0012d954 00000004 B irrstSharedMem
0012d958 00000004 B irrstEvent
0012d95c 00000004 B irrstMemHandle
0012d960 00000004 B irrstHandle
0012d964 00000004 b ptmSysmRefCount
0012d968 00000004 b ptmSysmHandle
0012d96c 00000004 V __ctru_linear_heap_size
0012d970 00000004 V __ctru_heap_size
0012d974 00000004 B __ctru_linear_heap
0012d978 00000004 B __ctru_heap
0012d97c 00000004 B __system_retAddr
0012d980 00000004 B __system_argv
0012d984 00000004 B __system_argc
0012d988 b saved_stack
0012d990 00000004 B __3dslink_host
0012d994 00000004 b srvRefCount
0012d998 00000004 b srvHandle
0012d99c 00000004 b arbiter
0012d9a0 00000004 b currentAddr
0012d9a4 00000004 b maxAddr
0012d9a8 00000004 b minAddr
0012d9ac 00000004 b srvPmHandle
0012d9b0 000005c0 b archive_devices
0012df70 00000004 b archive_device_cwd
0012df74 00000001 b archive_initialized
0012df78 00000028 B __malloc_current_mallinfo
0012dfa0 00000004 B __malloc_max_total_mem
0012dfa4 00000004 B __malloc_max_sbrked_mem
0012dfa8 00000004 B __malloc_top_pad
0012dfac 0000000c b __sfp_recursive_mutex
0012dfb8 00000168 B __sf
0012e120 00000004 B __stdio_exit_handler
0012e124 0000000c b __malloc_recursive_mutex
0012e130 00000400 b temp_cwd
0012e530 00000004 b __hndl_lock
0012e534 00000004 B fake_heap_start
0012e538 00000004 B fake_heap_end
0012e53c 00000004 b heap_start.0
0012e540 B __tls_start
0012f148 B __bss_end__
0012f148 A __end__
0012f148 B __tls_end
